<?xml version="1.0" encoding="UTF-8"?>
<!-- Generated by org.testng.reporters.JUnitReportReporter -->
<testsuite skipped="0" hostname="DESKTOP-7L6771B" name="ecommerceTest.LoginTest" tests="1" failures="0" timestamp="2020-04-10T22:25:43 IST" time="47.735" errors="0">
  <testcase name="userLoginValidation" time="47.735" classname="ecommerceTest.LoginTest"/>
  <system-out/>
</testsuite> <!-- ecommerceTest.LoginTest -->
