<?xml version="1.0" encoding="UTF-8"?>
<!-- Generated by org.testng.reporters.JUnitReportReporter -->
<testsuite skipped="0" hostname="DESKTOP-7L6771B" name="base.MultipleWindow" tests="1" failures="0" timestamp="2020-05-07T12:07:50 IST" time="43.195" errors="0">
  <testcase name="windowHandle" time="43.195" classname="base.MultipleWindow"/>
  <system-out/>
</testsuite> <!-- base.MultipleWindow -->
