<?xml version="1.0" encoding="UTF-8"?>
<!-- Generated by org.testng.reporters.JUnitReportReporter -->
<testsuite skipped="0" hostname="DESKTOP-7L6771B" name="base.JsTest" tests="1" failures="0" timestamp="2020-05-04T12:09:02 IST" time="26.945" errors="0">
  <testcase name="test" time="26.945" classname="base.JsTest"/>
  <system-out/>
</testsuite> <!-- base.JsTest -->
