<?xml version="1.0" encoding="UTF-8"?>
<!-- Generated by org.testng.reporters.JUnitReportReporter -->
<testsuite skipped="0" hostname="DESKTOP-7L6771B" name="cucumberOptions.TestRunner" tests="1" failures="0" timestamp="2020-04-17T13:07:23 IST" time="38.264" errors="0">
  <testcase name="feature" time="38.264" classname="cucumberOptions.TestRunner"/>
  <system-out/>
</testsuite> <!-- cucumberOptions.TestRunner -->
